<?xml version="1.0" encoding="UTF-8"?>
<!-- Generated by org.testng.reporters.JUnitReportReporter -->
<testsuite hostname="admin-PC" name="sspk.Spk" tests="2" failures="0" timestamp="14 Aug 2016 18:18:59 GMT" time="59.561" errors="0">
  <testcase name="method2" time="27.545" classname="sspk.Spk"/>
  <testcase name="method1" time="32.016" classname="sspk.Spk"/>
</testsuite> <!-- sspk.Spk -->
